<?xml version="1.0" encoding="UTF-8"?>
<robot generator="Robot 3.2.1 (Python 3.8.3 on darwin)" generated="20200706 05:24:16.772" rpa="false">
<suite id="s1" name="Search" source="/Users/jaleong/PycharmProjects/BMOTechTest/Tests/just-eat.co.uk/HomePage/Search.robot">
<test id="s1-t1" name="Scenario: Search for restaurants in an area">
<kw name="Start TestCase" library="CommonFunctionality" type="setup">
<kw name="Open Browser" library="SeleniumLibrary">
<doc>Opens a new browser instance to the optional ``url``.</doc>
<arguments>
<arg>${test_url}</arg>
<arg>${browser}</arg>
</arguments>
<msg timestamp="20200706 05:24:18.282" level="INFO">Opening browser 'chrome' to base url 'http://www.just-eat.co.uk'.</msg>
<status status="PASS" starttime="20200706 05:24:18.282" endtime="20200706 05:25:03.934"></status>
</kw>
<kw name="Maximize Browser Window" library="SeleniumLibrary">
<doc>Maximizes current browser window.</doc>
<status status="PASS" starttime="20200706 05:25:03.935" endtime="20200706 05:25:04.651"></status>
</kw>
<status status="PASS" starttime="20200706 05:24:18.281" endtime="20200706 05:25:04.652"></status>
</kw>
<kw name="Given I want food in &quot;AR51 1AA&quot;" library="MainPage">
<kw name="Input Text" library="SeleniumLibrary">
<doc>Types the given ``text`` into the text field identified by ``locator``.</doc>
<arguments>
<arg>${MainPageSearchField}</arg>
<arg>${valid_postcode}</arg>
<arg>True</arg>
</arguments>
<msg timestamp="20200706 05:25:04.654" level="INFO">Typing text 'AR51 1AA' into text field 'xpath://input[@aria-label='Enter your postcode']'.</msg>
<status status="PASS" starttime="20200706 05:25:04.653" endtime="20200706 05:25:08.818"></status>
</kw>
<status status="PASS" starttime="20200706 05:25:04.653" endtime="20200706 05:25:08.818"></status>
</kw>
<kw name="When I search for restaurants" library="MainPage">
<kw name="Click Element" library="SeleniumLibrary">
<doc>Click the element identified by ``locator``.</doc>
<arguments>
<arg>${MainPageSearchButton}</arg>
</arguments>
<msg timestamp="20200706 05:25:08.819" level="INFO">Clicking element 'xpath://button[@aria-label='Search']'.</msg>
<status status="PASS" starttime="20200706 05:25:08.819" endtime="20200706 05:25:15.227"></status>
</kw>
<status status="PASS" starttime="20200706 05:25:08.819" endtime="20200706 05:25:15.227"></status>
</kw>
<kw name="Then I should see some restaurants in &quot;AR51 1AA&quot;" library="SearchResultsPage">
<kw name="Page Should Contain" library="SeleniumLibrary">
<doc>Verifies that current page contains ``text``.</doc>
<arguments>
<arg>${valid_postcode}</arg>
</arguments>
<msg timestamp="20200706 05:25:17.068" level="INFO">Current page contains text 'AR51 1AA'.</msg>
<status status="PASS" starttime="20200706 05:25:15.228" endtime="20200706 05:25:17.068"></status>
</kw>
<status status="PASS" starttime="20200706 05:25:15.228" endtime="20200706 05:25:17.068"></status>
</kw>
<kw name="End TestCase" library="CommonFunctionality" type="teardown">
<kw name="Close Browser" library="SeleniumLibrary">
<doc>Closes the current browser.</doc>
<status status="PASS" starttime="20200706 05:25:17.069" endtime="20200706 05:25:18.093"></status>
</kw>
<status status="PASS" starttime="20200706 05:25:17.069" endtime="20200706 05:25:18.093"></status>
</kw>
<status status="PASS" starttime="20200706 05:24:18.279" endtime="20200706 05:25:18.094" critical="yes"></status>
</test>
<doc>Use the website to find restaurants</doc>
<status status="PASS" starttime="20200706 05:24:16.825" endtime="20200706 05:25:18.169"></status>
</suite>
<statistics>
<total>
<stat pass="1" fail="0">Critical Tests</stat>
<stat pass="1" fail="0">All Tests</stat>
</total>
<tag>
</tag>
<suite>
<stat pass="1" fail="0" id="s1" name="Search">Search</stat>
</suite>
</statistics>
<errors>
</errors>
</robot>
